{"total": {"lines":{"total":1308,"covered":1275,"skipped":0,"pct":97.47},"statements":{"total":1530,"covered":1462,"skipped":0,"pct":95.55},"functions":{"total":486,"covered":455,"skipped":0,"pct":93.62},"branches":{"total":859,"covered":765,"skipped":0,"pct":89.05},"branchesTrue":{"total":0,"covered":0,"skipped":0,"pct":100}}
,"/Users/willy.jansen/repos/kurippa/src/activationMain.tsx": {"lines":{"total":4,"covered":2,"skipped":0,"pct":50},"functions":{"total":2,"covered":1,"skipped":0,"pct":50},"statements":{"total":5,"covered":3,"skipped":0,"pct":60},"branches":{"total":0,"covered":0,"skipped":0,"pct":100}}
,"/Users/willy.jansen/repos/kurippa/src/types.ts": {"lines":{"total":2,"covered":2,"skipped":0,"pct":100},"functions":{"total":0,"covered":0,"skipped":0,"pct":100},"statements":{"total":2,"covered":2,"skipped":0,"pct":100},"branches":{"total":0,"covered":0,"skipped":0,"pct":100}}
,"/Users/willy.jansen/repos/kurippa/src/components/App/index.tsx": {"lines":{"total":27,"covered":27,"skipped":0,"pct":100},"functions":{"total":12,"covered":10,"skipped":0,"pct":83.33},"statements":{"total":33,"covered":31,"skipped":0,"pct":93.93},"branches":{"total":25,"covered":19,"skipped":0,"pct":76}}
,"/Users/willy.jansen/repos/kurippa/src/components/FolderDeleteConfirm/index.tsx": {"lines":{"total":2,"covered":2,"skipped":0,"pct":100},"functions":{"total":1,"covered":1,"skipped":0,"pct":100},"statements":{"total":2,"covered":2,"skipped":0,"pct":100},"branches":{"total":0,"covered":0,"skipped":0,"pct":100}}
,"/Users/willy.jansen/repos/kurippa/src/components/FolderNameInput/index.tsx": {"lines":{"total":6,"covered":6,"skipped":0,"pct":100},"functions":{"total":3,"covered":3,"skipped":0,"pct":100},"statements":{"total":10,"covered":10,"skipped":0,"pct":100},"branches":{"total":5,"covered":5,"skipped":0,"pct":100}}
,"/Users/willy.jansen/repos/kurippa/src/components/FolderPicker/index.tsx": {"lines":{"total":8,"covered":8,"skipped":0,"pct":100},"functions":{"total":5,"covered":5,"skipped":0,"pct":100},"statements":{"total":8,"covered":8,"skipped":0,"pct":100},"branches":{"total":0,"covered":0,"skipped":0,"pct":100}}
,"/Users/willy.jansen/repos/kurippa/src/components/Footer/index.tsx": {"lines":{"total":3,"covered":3,"skipped":0,"pct":100},"functions":{"total":3,"covered":3,"skipped":0,"pct":100},"statements":{"total":3,"covered":3,"skipped":0,"pct":100},"branches":{"total":2,"covered":2,"skipped":0,"pct":100}}
,"/Users/willy.jansen/repos/kurippa/src/components/HistoryList/FolderHeader.tsx": {"lines":{"total":1,"covered":1,"skipped":0,"pct":100},"functions":{"total":1,"covered":1,"skipped":0,"pct":100},"statements":{"total":1,"covered":1,"skipped":0,"pct":100},"branches":{"total":3,"covered":3,"skipped":0,"pct":100}}
,"/Users/willy.jansen/repos/kurippa/src/components/HistoryList/PinnedHeader.tsx": {"lines":{"total":1,"covered":1,"skipped":0,"pct":100},"functions":{"total":1,"covered":1,"skipped":0,"pct":100},"statements":{"total":1,"covered":1,"skipped":0,"pct":100},"branches":{"total":3,"covered":3,"skipped":0,"pct":100}}
,"/Users/willy.jansen/repos/kurippa/src/components/HistoryList/index.tsx": {"lines":{"total":27,"covered":27,"skipped":0,"pct":100},"functions":{"total":8,"covered":8,"skipped":0,"pct":100},"statements":{"total":29,"covered":28,"skipped":0,"pct":96.55},"branches":{"total":18,"covered":14,"skipped":0,"pct":77.77}}
,"/Users/willy.jansen/repos/kurippa/src/components/HistoryList/EntryItem/HighlightedContent.tsx": {"lines":{"total":1,"covered":1,"skipped":0,"pct":100},"functions":{"total":1,"covered":1,"skipped":0,"pct":100},"statements":{"total":1,"covered":1,"skipped":0,"pct":100},"branches":{"total":2,"covered":1,"skipped":0,"pct":50}}
,"/Users/willy.jansen/repos/kurippa/src/components/HistoryList/EntryItem/ImageContent.tsx": {"lines":{"total":10,"covered":10,"skipped":0,"pct":100},"functions":{"total":1,"covered":1,"skipped":0,"pct":100},"statements":{"total":10,"covered":10,"skipped":0,"pct":100},"branches":{"total":8,"covered":7,"skipped":0,"pct":87.5}}
,"/Users/willy.jansen/repos/kurippa/src/components/HistoryList/EntryItem/ItemContent.tsx": {"lines":{"total":6,"covered":6,"skipped":0,"pct":100},"functions":{"total":1,"covered":1,"skipped":0,"pct":100},"statements":{"total":6,"covered":6,"skipped":0,"pct":100},"branches":{"total":7,"covered":7,"skipped":0,"pct":100}}
,"/Users/willy.jansen/repos/kurippa/src/components/HistoryList/EntryItem/TextContent.tsx": {"lines":{"total":3,"covered":3,"skipped":0,"pct":100},"functions":{"total":1,"covered":1,"skipped":0,"pct":100},"statements":{"total":3,"covered":3,"skipped":0,"pct":100},"branches":{"total":2,"covered":2,"skipped":0,"pct":100}}
,"/Users/willy.jansen/repos/kurippa/src/components/HistoryList/EntryItem/index.tsx": {"lines":{"total":2,"covered":2,"skipped":0,"pct":100},"functions":{"total":1,"covered":1,"skipped":0,"pct":100},"statements":{"total":2,"covered":2,"skipped":0,"pct":100},"branches":{"total":14,"covered":11,"skipped":0,"pct":78.57}}
,"/Users/willy.jansen/repos/kurippa/src/components/LicenseActivation/index.tsx": {"lines":{"total":60,"covered":60,"skipped":0,"pct":100},"functions":{"total":24,"covered":24,"skipped":0,"pct":100},"statements":{"total":68,"covered":66,"skipped":0,"pct":97.05},"branches":{"total":30,"covered":26,"skipped":0,"pct":86.66}}
,"/Users/willy.jansen/repos/kurippa/src/components/MainContent/index.tsx": {"lines":{"total":22,"covered":22,"skipped":0,"pct":100},"functions":{"total":11,"covered":11,"skipped":0,"pct":100},"statements":{"total":22,"covered":22,"skipped":0,"pct":100},"branches":{"total":15,"covered":14,"skipped":0,"pct":93.33}}
,"/Users/willy.jansen/repos/kurippa/src/components/MultiSelectIndicator/index.tsx": {"lines":{"total":3,"covered":3,"skipped":0,"pct":100},"functions":{"total":2,"covered":2,"skipped":0,"pct":100},"statements":{"total":4,"covered":4,"skipped":0,"pct":100},"branches":{"total":4,"covered":4,"skipped":0,"pct":100}}
,"/Users/willy.jansen/repos/kurippa/src/components/PasteAsMenu/index.tsx": {"lines":{"total":15,"covered":15,"skipped":0,"pct":100},"functions":{"total":4,"covered":4,"skipped":0,"pct":100},"statements":{"total":15,"covered":15,"skipped":0,"pct":100},"branches":{"total":23,"covered":19,"skipped":0,"pct":82.6}}
,"/Users/willy.jansen/repos/kurippa/src/components/PreviewPanel/ActionRow.tsx": {"lines":{"total":1,"covered":1,"skipped":0,"pct":100},"functions":{"total":1,"covered":1,"skipped":0,"pct":100},"statements":{"total":1,"covered":1,"skipped":0,"pct":100},"branches":{"total":0,"covered":0,"skipped":0,"pct":100}}
,"/Users/willy.jansen/repos/kurippa/src/components/PreviewPanel/ColorPreview.tsx": {"lines":{"total":3,"covered":3,"skipped":0,"pct":100},"functions":{"total":2,"covered":2,"skipped":0,"pct":100},"statements":{"total":3,"covered":3,"skipped":0,"pct":100},"branches":{"total":0,"covered":0,"skipped":0,"pct":100}}
,"/Users/willy.jansen/repos/kurippa/src/components/PreviewPanel/ImagePreview.tsx": {"lines":{"total":2,"covered":2,"skipped":0,"pct":100},"functions":{"total":1,"covered":1,"skipped":0,"pct":100},"statements":{"total":2,"covered":2,"skipped":0,"pct":100},"branches":{"total":8,"covered":8,"skipped":0,"pct":100}}
,"/Users/willy.jansen/repos/kurippa/src/components/PreviewPanel/MetaRow.tsx": {"lines":{"total":6,"covered":6,"skipped":0,"pct":100},"functions":{"total":1,"covered":1,"skipped":0,"pct":100},"statements":{"total":6,"covered":6,"skipped":0,"pct":100},"branches":{"total":12,"covered":12,"skipped":0,"pct":100}}
,"/Users/willy.jansen/repos/kurippa/src/components/PreviewPanel/RtfPreview.tsx": {"lines":{"total":3,"covered":3,"skipped":0,"pct":100},"functions":{"total":1,"covered":1,"skipped":0,"pct":100},"statements":{"total":3,"covered":3,"skipped":0,"pct":100},"branches":{"total":3,"covered":3,"skipped":0,"pct":100}}
,"/Users/willy.jansen/repos/kurippa/src/components/PreviewPanel/TextPreview.tsx": {"lines":{"total":1,"covered":1,"skipped":0,"pct":100},"functions":{"total":1,"covered":1,"skipped":0,"pct":100},"statements":{"total":1,"covered":1,"skipped":0,"pct":100},"branches":{"total":2,"covered":2,"skipped":0,"pct":100}}
,"/Users/willy.jansen/repos/kurippa/src/components/PreviewPanel/index.tsx": {"lines":{"total":5,"covered":5,"skipped":0,"pct":100},"functions":{"total":1,"covered":1,"skipped":0,"pct":100},"statements":{"total":5,"covered":5,"skipped":0,"pct":100},"branches":{"total":14,"covered":14,"skipped":0,"pct":100}}
,"/Users/willy.jansen/repos/kurippa/src/components/SeparatorPicker/index.tsx": {"lines":{"total":5,"covered":4,"skipped":0,"pct":80},"functions":{"total":4,"covered":3,"skipped":0,"pct":75},"statements":{"total":5,"covered":4,"skipped":0,"pct":80},"branches":{"total":0,"covered":0,"skipped":0,"pct":100}}
,"/Users/willy.jansen/repos/kurippa/src/components/Settings/AboutTab.tsx": {"lines":{"total":15,"covered":14,"skipped":0,"pct":93.33},"functions":{"total":8,"covered":7,"skipped":0,"pct":87.5},"statements":{"total":15,"covered":14,"skipped":0,"pct":93.33},"branches":{"total":13,"covered":13,"skipped":0,"pct":100}}
,"/Users/willy.jansen/repos/kurippa/src/components/Settings/GeneralTab.tsx": {"lines":{"total":8,"covered":8,"skipped":0,"pct":100},"functions":{"total":4,"covered":4,"skipped":0,"pct":100},"statements":{"total":8,"covered":8,"skipped":0,"pct":100},"branches":{"total":0,"covered":0,"skipped":0,"pct":100}}
,"/Users/willy.jansen/repos/kurippa/src/components/Settings/HotkeysTab.tsx": {"lines":{"total":1,"covered":1,"skipped":0,"pct":100},"functions":{"total":1,"covered":1,"skipped":0,"pct":100},"statements":{"total":1,"covered":1,"skipped":0,"pct":100},"branches":{"total":0,"covered":0,"skipped":0,"pct":100}}
,"/Users/willy.jansen/repos/kurippa/src/components/Settings/KbdRow.tsx": {"lines":{"total":2,"covered":2,"skipped":0,"pct":100},"functions":{"total":2,"covered":2,"skipped":0,"pct":100},"statements":{"total":2,"covered":2,"skipped":0,"pct":100},"branches":{"total":0,"covered":0,"skipped":0,"pct":100}}
,"/Users/willy.jansen/repos/kurippa/src/components/Settings/NavIcons.tsx": {"lines":{"total":4,"covered":4,"skipped":0,"pct":100},"functions":{"total":4,"covered":4,"skipped":0,"pct":100},"statements":{"total":4,"covered":4,"skipped":0,"pct":100},"branches":{"total":0,"covered":0,"skipped":0,"pct":100}}
,"/Users/willy.jansen/repos/kurippa/src/components/Settings/PrivacyTab.tsx": {"lines":{"total":4,"covered":4,"skipped":0,"pct":100},"functions":{"total":4,"covered":4,"skipped":0,"pct":100},"statements":{"total":4,"covered":4,"skipped":0,"pct":100},"branches":{"total":2,"covered":2,"skipped":0,"pct":100}}
,"/Users/willy.jansen/repos/kurippa/src/components/Settings/Segmented.tsx": {"lines":{"total":3,"covered":3,"skipped":0,"pct":100},"functions":{"total":3,"covered":3,"skipped":0,"pct":100},"statements":{"total":3,"covered":3,"skipped":0,"pct":100},"branches":{"total":2,"covered":2,"skipped":0,"pct":100}}
,"/Users/willy.jansen/repos/kurippa/src/components/Settings/Toggle.tsx": {"lines":{"total":2,"covered":2,"skipped":0,"pct":100},"functions":{"total":2,"covered":2,"skipped":0,"pct":100},"statements":{"total":2,"covered":2,"skipped":0,"pct":100},"branches":{"total":2,"covered":1,"skipped":0,"pct":50}}
,"/Users/willy.jansen/repos/kurippa/src/components/Settings/index.tsx": {"lines":{"total":10,"covered":10,"skipped":0,"pct":100},"functions":{"total":4,"covered":4,"skipped":0,"pct":100},"statements":{"total":11,"covered":11,"skipped":0,"pct":100},"branches":{"total":16,"covered":16,"skipped":0,"pct":100}}
,"/Users/willy.jansen/repos/kurippa/src/components/Topbar/index.tsx": {"lines":{"total":8,"covered":8,"skipped":0,"pct":100},"functions":{"total":3,"covered":3,"skipped":0,"pct":100},"statements":{"total":8,"covered":8,"skipped":0,"pct":100},"branches":{"total":10,"covered":8,"skipped":0,"pct":80}}
,"/Users/willy.jansen/repos/kurippa/src/components/UpdateBanner/index.tsx": {"lines":{"total":1,"covered":1,"skipped":0,"pct":100},"functions":{"total":1,"covered":1,"skipped":0,"pct":100},"statements":{"total":1,"covered":1,"skipped":0,"pct":100},"branches":{"total":0,"covered":0,"skipped":0,"pct":100}}
,"/Users/willy.jansen/repos/kurippa/src/components/UpgradeBanner/index.tsx": {"lines":{"total":10,"covered":10,"skipped":0,"pct":100},"functions":{"total":7,"covered":7,"skipped":0,"pct":100},"statements":{"total":13,"covered":13,"skipped":0,"pct":100},"branches":{"total":2,"covered":2,"skipped":0,"pct":100}}
,"/Users/willy.jansen/repos/kurippa/src/constants/animation.ts": {"lines":{"total":3,"covered":3,"skipped":0,"pct":100},"functions":{"total":0,"covered":0,"skipped":0,"pct":100},"statements":{"total":3,"covered":3,"skipped":0,"pct":100},"branches":{"total":0,"covered":0,"skipped":0,"pct":100}}
,"/Users/willy.jansen/repos/kurippa/src/hooks/useAppKeyboard.ts": {"lines":{"total":72,"covered":72,"skipped":0,"pct":100},"functions":{"total":5,"covered":5,"skipped":0,"pct":100},"statements":{"total":79,"covered":73,"skipped":0,"pct":92.4},"branches":{"total":86,"covered":76,"skipped":0,"pct":88.37}}
,"/Users/willy.jansen/repos/kurippa/src/hooks/useAppState.ts": {"lines":{"total":58,"covered":48,"skipped":0,"pct":82.75},"functions":{"total":19,"covered":11,"skipped":0,"pct":57.89},"statements":{"total":62,"covered":52,"skipped":0,"pct":83.87},"branches":{"total":11,"covered":7,"skipped":0,"pct":63.63}}
,"/Users/willy.jansen/repos/kurippa/src/hooks/useClearConfirm.ts": {"lines":{"total":17,"covered":17,"skipped":0,"pct":100},"functions":{"total":7,"covered":7,"skipped":0,"pct":100},"statements":{"total":18,"covered":18,"skipped":0,"pct":100},"branches":{"total":9,"covered":9,"skipped":0,"pct":100}}
,"/Users/willy.jansen/repos/kurippa/src/hooks/useClipboardHistory.ts": {"lines":{"total":50,"covered":50,"skipped":0,"pct":100},"functions":{"total":35,"covered":33,"skipped":0,"pct":94.28},"statements":{"total":72,"covered":69,"skipped":0,"pct":95.83},"branches":{"total":47,"covered":43,"skipped":0,"pct":91.48}}
,"/Users/willy.jansen/repos/kurippa/src/hooks/useDefaultSeparator.ts": {"lines":{"total":8,"covered":8,"skipped":0,"pct":100},"functions":{"total":3,"covered":3,"skipped":0,"pct":100},"statements":{"total":8,"covered":8,"skipped":0,"pct":100},"branches":{"total":4,"covered":4,"skipped":0,"pct":100}}
,"/Users/willy.jansen/repos/kurippa/src/hooks/useDeleteAnimation.ts": {"lines":{"total":15,"covered":15,"skipped":0,"pct":100},"functions":{"total":6,"covered":6,"skipped":0,"pct":100},"statements":{"total":18,"covered":18,"skipped":0,"pct":100},"branches":{"total":4,"covered":4,"skipped":0,"pct":100}}
,"/Users/willy.jansen/repos/kurippa/src/hooks/useFolderActions.ts": {"lines":{"total":29,"covered":29,"skipped":0,"pct":100},"functions":{"total":13,"covered":13,"skipped":0,"pct":100},"statements":{"total":34,"covered":34,"skipped":0,"pct":100},"branches":{"total":14,"covered":13,"skipped":0,"pct":92.85}}
,"/Users/willy.jansen/repos/kurippa/src/hooks/useFolderDeleteConfirm.ts": {"lines":{"total":6,"covered":6,"skipped":0,"pct":100},"functions":{"total":4,"covered":4,"skipped":0,"pct":100},"statements":{"total":11,"covered":11,"skipped":0,"pct":100},"branches":{"total":7,"covered":7,"skipped":0,"pct":100}}
,"/Users/willy.jansen/repos/kurippa/src/hooks/useFolderNameInput.ts": {"lines":{"total":5,"covered":5,"skipped":0,"pct":100},"functions":{"total":2,"covered":2,"skipped":0,"pct":100},"statements":{"total":5,"covered":5,"skipped":0,"pct":100},"branches":{"total":0,"covered":0,"skipped":0,"pct":100}}
,"/Users/willy.jansen/repos/kurippa/src/hooks/useFolderPicker.ts": {"lines":{"total":38,"covered":38,"skipped":0,"pct":100},"functions":{"total":9,"covered":9,"skipped":0,"pct":100},"statements":{"total":46,"covered":46,"skipped":0,"pct":100},"branches":{"total":21,"covered":21,"skipped":0,"pct":100}}
,"/Users/willy.jansen/repos/kurippa/src/hooks/useFolders.ts": {"lines":{"total":33,"covered":33,"skipped":0,"pct":100},"functions":{"total":20,"covered":20,"skipped":0,"pct":100},"statements":{"total":39,"covered":39,"skipped":0,"pct":100},"branches":{"total":11,"covered":9,"skipped":0,"pct":81.81}}
,"/Users/willy.jansen/repos/kurippa/src/hooks/useImagePreview.ts": {"lines":{"total":16,"covered":16,"skipped":0,"pct":100},"functions":{"total":5,"covered":5,"skipped":0,"pct":100},"statements":{"total":18,"covered":18,"skipped":0,"pct":100},"branches":{"total":8,"covered":5,"skipped":0,"pct":62.5}}
,"/Users/willy.jansen/repos/kurippa/src/hooks/useItemSelection.ts": {"lines":{"total":88,"covered":80,"skipped":0,"pct":90.9},"functions":{"total":52,"covered":44,"skipped":0,"pct":84.61},"statements":{"total":115,"covered":99,"skipped":0,"pct":86.08},"branches":{"total":75,"covered":66,"skipped":0,"pct":88}}
,"/Users/willy.jansen/repos/kurippa/src/hooks/useLicense.ts": {"lines":{"total":47,"covered":44,"skipped":0,"pct":93.61},"functions":{"total":24,"covered":21,"skipped":0,"pct":87.5},"statements":{"total":56,"covered":49,"skipped":0,"pct":87.5},"branches":{"total":14,"covered":10,"skipped":0,"pct":71.42}}
,"/Users/willy.jansen/repos/kurippa/src/hooks/useMultiSelect.ts": {"lines":{"total":45,"covered":45,"skipped":0,"pct":100},"functions":{"total":8,"covered":8,"skipped":0,"pct":100},"statements":{"total":49,"covered":47,"skipped":0,"pct":95.91},"branches":{"total":14,"covered":12,"skipped":0,"pct":85.71}}
,"/Users/willy.jansen/repos/kurippa/src/hooks/usePasteActions.ts": {"lines":{"total":16,"covered":16,"skipped":0,"pct":100},"functions":{"total":5,"covered":5,"skipped":0,"pct":100},"statements":{"total":17,"covered":17,"skipped":0,"pct":100},"branches":{"total":6,"covered":6,"skipped":0,"pct":100}}
,"/Users/willy.jansen/repos/kurippa/src/hooks/usePasteAs.ts": {"lines":{"total":4,"covered":4,"skipped":0,"pct":100},"functions":{"total":3,"covered":3,"skipped":0,"pct":100},"statements":{"total":6,"covered":6,"skipped":0,"pct":100},"branches":{"total":0,"covered":0,"skipped":0,"pct":100}}
,"/Users/willy.jansen/repos/kurippa/src/hooks/usePasteAsMenu.ts": {"lines":{"total":89,"covered":88,"skipped":0,"pct":98.87},"functions":{"total":15,"covered":14,"skipped":0,"pct":93.33},"statements":{"total":104,"covered":100,"skipped":0,"pct":96.15},"branches":{"total":72,"covered":62,"skipped":0,"pct":86.11}}
,"/Users/willy.jansen/repos/kurippa/src/hooks/usePinAnimation.ts": {"lines":{"total":18,"covered":18,"skipped":0,"pct":100},"functions":{"total":5,"covered":5,"skipped":0,"pct":100},"statements":{"total":20,"covered":19,"skipped":0,"pct":95},"branches":{"total":4,"covered":3,"skipped":0,"pct":75}}
,"/Users/willy.jansen/repos/kurippa/src/hooks/usePinnedSection.ts": {"lines":{"total":18,"covered":18,"skipped":0,"pct":100},"functions":{"total":10,"covered":10,"skipped":0,"pct":100},"statements":{"total":24,"covered":24,"skipped":0,"pct":100},"branches":{"total":8,"covered":8,"skipped":0,"pct":100}}
,"/Users/willy.jansen/repos/kurippa/src/hooks/usePreviewPanel.ts": {"lines":{"total":16,"covered":16,"skipped":0,"pct":100},"functions":{"total":4,"covered":4,"skipped":0,"pct":100},"statements":{"total":16,"covered":16,"skipped":0,"pct":100},"branches":{"total":2,"covered":1,"skipped":0,"pct":50}}
,"/Users/willy.jansen/repos/kurippa/src/hooks/useSectionNavigation.ts": {"lines":{"total":36,"covered":36,"skipped":0,"pct":100},"functions":{"total":12,"covered":11,"skipped":0,"pct":91.66},"statements":{"total":48,"covered":47,"skipped":0,"pct":97.91},"branches":{"total":28,"covered":27,"skipped":0,"pct":96.42}}
,"/Users/willy.jansen/repos/kurippa/src/hooks/useSeparatorPicker.ts": {"lines":{"total":28,"covered":28,"skipped":0,"pct":100},"functions":{"total":7,"covered":7,"skipped":0,"pct":100},"statements":{"total":32,"covered":32,"skipped":0,"pct":100},"branches":{"total":14,"covered":12,"skipped":0,"pct":85.71}}
,"/Users/willy.jansen/repos/kurippa/src/hooks/useSettings.ts": {"lines":{"total":29,"covered":29,"skipped":0,"pct":100},"functions":{"total":12,"covered":12,"skipped":0,"pct":100},"statements":{"total":35,"covered":33,"skipped":0,"pct":94.28},"branches":{"total":10,"covered":8,"skipped":0,"pct":80}}
,"/Users/willy.jansen/repos/kurippa/src/hooks/useSettingsApp.ts": {"lines":{"total":15,"covered":15,"skipped":0,"pct":100},"functions":{"total":2,"covered":2,"skipped":0,"pct":100},"statements":{"total":15,"covered":15,"skipped":0,"pct":100},"branches":{"total":8,"covered":7,"skipped":0,"pct":87.5}}
,"/Users/willy.jansen/repos/kurippa/src/hooks/useTheme.ts": {"lines":{"total":48,"covered":43,"skipped":0,"pct":89.58},"functions":{"total":17,"covered":14,"skipped":0,"pct":82.35},"statements":{"total":50,"covered":45,"skipped":0,"pct":90},"branches":{"total":16,"covered":14,"skipped":0,"pct":87.5}}
,"/Users/willy.jansen/repos/kurippa/src/hooks/useWindowDismiss.ts": {"lines":{"total":18,"covered":18,"skipped":0,"pct":100},"functions":{"total":6,"covered":6,"skipped":0,"pct":100},"statements":{"total":19,"covered":19,"skipped":0,"pct":100},"branches":{"total":4,"covered":4,"skipped":0,"pct":100}}
,"/Users/willy.jansen/repos/kurippa/src/utils/color.ts": {"lines":{"total":57,"covered":57,"skipped":0,"pct":100},"functions":{"total":5,"covered":5,"skipped":0,"pct":100},"statements":{"total":81,"covered":81,"skipped":0,"pct":100},"branches":{"total":40,"covered":39,"skipped":0,"pct":97.5}}
,"/Users/willy.jansen/repos/kurippa/src/utils/format.ts": {"lines":{"total":18,"covered":18,"skipped":0,"pct":100},"functions":{"total":4,"covered":4,"skipped":0,"pct":100},"statements":{"total":21,"covered":21,"skipped":0,"pct":100},"branches":{"total":22,"covered":21,"skipped":0,"pct":95.45}}
,"/Users/willy.jansen/repos/kurippa/src/utils/fuzzyMatch.ts": {"lines":{"total":7,"covered":7,"skipped":0,"pct":100},"functions":{"total":2,"covered":2,"skipped":0,"pct":100},"statements":{"total":9,"covered":9,"skipped":0,"pct":100},"branches":{"total":4,"covered":4,"skipped":0,"pct":100}}
,"/Users/willy.jansen/repos/kurippa/src/utils/pasteAs.ts": {"lines":{"total":34,"covered":32,"skipped":0,"pct":94.11},"functions":{"total":5,"covered":5,"skipped":0,"pct":100},"statements":{"total":40,"covered":38,"skipped":0,"pct":95},"branches":{"total":35,"covered":29,"skipped":0,"pct":82.85}}
,"/Users/willy.jansen/repos/kurippa/src/utils/time.ts": {"lines":{"total":10,"covered":10,"skipped":0,"pct":100},"functions":{"total":1,"covered":1,"skipped":0,"pct":100},"statements":{"total":14,"covered":14,"skipped":0,"pct":100},"branches":{"total":14,"covered":14,"skipped":0,"pct":100}}
,"/Users/willy.jansen/repos/kurippa/src/utils/transforms.ts": {"lines":{"total":20,"covered":20,"skipped":0,"pct":100},"functions":{"total":22,"covered":22,"skipped":0,"pct":100},"statements":{"total":23,"covered":23,"skipped":0,"pct":100},"branches":{"total":0,"covered":0,"skipped":0,"pct":100}}
}
